<?xml version="1.0" encoding="utf-8"?>
<beans xmlns="http://www.springframework.org/schema/beans"
       xmlns:xsi="http://www.w3.org/2001/XMLSchema-instance"
       xmlns:context="http://www.springframework.org/schema/context"
       xsi:schemaLocation="http://www.springframework.org/schema/beans
       http://www.springframework.org/schema/beans/spring-beans.xsd
       http://www.springframework.org/schema/context
       http://www.springframework.org/schema/context/spring-context.xsd">

    <context:annotation-config/>

    <import resource="classpath:mbo-lite/bean.xml"/>

    <bean class="ru.yandex.market.mbo.config.MboLiteTestPropertiesConfiguration"/>
    <bean class="ru.yandex.market.mbo.configs.MboUserManagerConfig"/>
    <bean class="ru.yandex.market.mbo.configs.formalizer.FormalizerStatConfig"/>
    <bean class="ru.yandex.market.mbo.configs.init.UnstableInitExecutorConfig"/>
    <bean class="ru.yandex.market.mbo.configs.yt.YtConfig"/>
    <bean class="ru.yandex.market.mbo.configs.initializers.EtcdTnsnamesPostProcessor" />
    <bean class="ru.yandex.market.mbo.configs.db.category.TovarTreeForVisualServiceConfig"/>
    <bean class="ru.yandex.market.mbo.configs.gurulite.GuruliteConfig"/>
    <bean class="ru.yandex.market.mbo.configs.db.model.ModelTransitionsRepositoryConfig"/>
    <bean class="ru.yandex.market.mbo.configs.IRServicesConfig"/>
</beans>
