<?xml version="1.0" encoding="utf-8" ?><!DOCTYPE yml_catalog SYSTEM "shops.dtd">
<yml_catalog date="2020-10-05 08:15">
    <shop>
        <url>https://yandex.ru</url>
        <platform>Test</platform>
        <currencies>
            <currency id="RUB" rate="1.0"/>
        </currencies>
        <categories>
            <category id="123">Тестовая категория</category>
        </categories>
        <offers>
            <offer id="123456">
                <url>https://yandex.ru</url>
                <price>99.99</price>
                <currencyId>RUB</currencyId>
                <categoryId>123</categoryId>
                <!-- https://wiki.yandex-team.ru/Testirovanie/FuncTesting/Market/PartnerInterface/Poleznye-znanija/isInternalDataFalse/ -->
                <picture>http://netangels-ekb.extmon.yandex.net:20001/shiba.jpg</picture>
                <store>false</store>
                <pickup>true</pickup>
                <delivery>true</delivery>
                <name>Тестовое название</name>
                <description>Тестовое описание</description>
            </offer>
        </offers>
    </shop>
</yml_catalog>
