<?xml version="1.0" encoding="UTF-8"?>
<data servant="pers-grade" version="1.0-250" host="gravicapa1ft" actions="[myModelGradeRequest]" executing-time="[158]">
    <collection>
        <grade id="47446233" model-id="9" datetime="2014-06-26T10:02:08" state="NEW" modstate="AUTOMATICALLY_REJECTED">
            <id>47446233</id>
            <model-id>9</model-id>
            <cr-time>2014-06-26T10:02:08</cr-time>
            <mod-state>2</mod-state>
            <author-uid>1130000001562985</author-uid>
            <author>
                <login>test-market-api</login>
                <uid>1130000001562985</uid>
                <fio>Pupkin Vasily</fio>
                <birth_date>null</birth_date>
                <country>null</country>
                <city>null</city>
            </author>
            <author-info>
                <login>test-market-api</login>
                <uid>1130000001562985</uid>
                <fio>Pupkin Vasily</fio>
                <birth_date>null</birth_date>
                <country>null</country>
                <city>null</city>
            </author-info>
            <grade-part type-id="0" value="0"/>
            <gr-0>0</gr-0>
            <grade-part type-id="1" value="0"/>
            <gr-1>0</gr-1>
            <grade-part type-id="2" value="0"/>
            <gr-2>0</gr-2>
            <grade-part type-id="3" value="0"/>
            <gr-3>0</gr-3>
            <text>9</text>
            <short-text>9</short-text>
            <pro></pro>
            <contra></contra>
            <anonymous>0</anonymous>
            <photo-url></photo-url>
            <usage-time></usage-time>
            <name></name>
        </grade>
    </collection>
    <filter>
        <select name="state" value="0"/>
        <select name="type" value="1"/>
        <select name="state" value="2"/>
        <select name="author_id" value="1130000001562985"/>
        <sort name="date" order="desc"/>
    </filter>
    <pager count="114" page-size="100" show-all="" total-page-count="2">
        <page num="0"/>
        <page num="1" current="true"/>
    </pager>
</data>