<data executingTime="2" host="gravicapa01ht" uri="/modelOpinions?page_size=10&amp;page_num=0&amp;sort_by=date&amp;sort_desc=1&amp;region=2&amp;modelid=10495456" version="1.0-156">
    <grades>
        <grade>
            <model-id>10495456</model-id>
            <type>1</type>
            <usage-time>0</usage-time>
            <name>Apple iPhone 5S 16Gb</name>
            <id>1</id>
            <author-uid>359587186</author-uid>
            <cr-time>2016-02-02T18:28:59</cr-time>
            <pro>Тест</pro>
            <contra>Тест</contra>
            <gr-0>2</gr-0>
            <anonymous>0</anonymous>
            <weight>0.5</weight>
            <rank>0.26369863748550415</rank>
            <rank-original>0.625</rank-original>
            <relevant-rn>-1</relevant-rn>
            <votes-agree>2</votes-agree>
            <votes-reject>0</votes-reject>
            <votes-total>2</votes-total>
        </grade>
        <grade>
            <model-id>10495456</model-id>
            <type>1</type>
            <usage-time>2</usage-time>
            <name>Apple iPhone 5S 16Gb</name>
            <id>2</id>
            <author-uid>343568569</author-uid>
            <cr-time>2015-11-13T12:25:17</cr-time>
            <short-text>если брать этот телефон на год и с версией прошивки с упаковки + 1,2 версии то телефон достоен, с натяжкой но при нынешнем софте брать не рекомендую, тем более Б/У, былого "качества от аппл" уже нет, к сожалению (имею опыт "общения" с их продукцией начиная от 3го поколения айфонов)</short-text>
            <pro>Данный апарат был весьма и весьма удачен, в свое время, благодаря "новой" технологии сканирования отпечатков пальцев, дизайна и начинки.</pro>
            <contra>После двух лет использования проснулись все проблемы, но даже не телефона а компании в целом, так как каких либо проблем "железа" нет, но вот программная составляющая просто ужасна, а именно то что телефон может не реагировать на разблокировку но при этом через н времени сам разбокируеться, нажитие кнопок с опозданием на 5-7 секунд от нажатия до действия, приложения могут запускаться с дикими задержками, а о работе телефона при низком заряде аккамулятора вообще стоит книгу писать, так как все что может хоть както жрать заряд начинает дико лагать ( задержки, отказ от запуска и прочие радости жизни)</contra>
            <gr-0>-1</gr-0>
            <gr-1>0</gr-1>
            <gr-2>0</gr-2>
            <gr-3>0</gr-3>
            <anonymous>0</anonymous>
            <region-id>143</region-id>
            <weight>0.5</weight>
            <rank>0.14444445073604584</rank>
            <rank-original>0.7222222089767456</rank-original>
            <relevant-rn>1</relevant-rn>
            <votes-agree>6</votes-agree>
            <votes-reject>1</votes-reject>
            <votes-total>7</votes-total>
        </grade>
        <grade>
            <model-id>10495456</model-id>
            <type>1</type>
            <usage-time>0</usage-time>
            <name>Apple iPhone 5S 16Gb</name>
            <id>3</id>
            <author-uid>270228323</author-uid>
            <cr-time>2015-11-10T00:50:12</cr-time>
            <short-text>Apple всегда делала качественные продукты. Покупая этот смартфон, я даже не задумывался о плохом качестве. До этого пользовался iPhone 5 около года, он мне понравился и я решил купить себе его старшего собрата — iPhone 5S. В 2015 году цена на него стала ниже, на уровне топовых Android. Больше я ничего не могу сказать — это Apple.</short-text>
            <pro>Быстродействие (благодаря отличной оптимизации), камера (+ замедленная съёмка и двойная вспышка), размер экрана оптимален, никуда не приходится тянуться, смартфон управляем одной рукой. Также порадовала функция «Touch ID», которая работает на «ура». 16 GB памяти хватает более чем. Звук просто шикарен.</pro>
            <contra>Высокие цены на большинство приложений в App Store (но я был готов к этому). Ну а батарея — заезженная тема, но мне хватает на целый день.</contra>
            <gr-0>2</gr-0>
            <gr-1>0</gr-1>
            <gr-2>0</gr-2>
            <gr-3>0</gr-3>
            <anonymous>0</anonymous>
            <region-id>20649</region-id>
            <weight>0.5</weight>
            <rank>0.09589041024446487</rank>
            <rank-original>0.5</rank-original>
            <relevant-rn>1</relevant-rn>
            <votes-agree>5</votes-agree>
            <votes-reject>4</votes-reject>
            <votes-total>9</votes-total>
        </grade>
    </grades>
    <pager count="5" page-size="3" show-all="false" total-page-count="2">
        <page current="true" num="0"/>
        <page current="false" num="1"/>
    </pager>
    <filter>
        <select name="resource_id" value="10495456"/>
        <select name="nvl(gr_0,-100)" value="-100"/>
        <sort name="date" order="desc"/>
    </filter>
</data>
