<?xml version="1.0" encoding="UTF-8" ?>
<SomeRoot>
    <SomeNestedTag>some name</SomeNestedTag>
</SomeRoot>
