<offer-update use-market-or-shop-sku-ignore-other="true">
    <offers>
        <offer market-sku="111" shop-sku="000001.111" available-for-businesses="true">
            <pricing currency-id="RUR">
                <price value="11.1" />
                <oldprice auto="true" />
                <vat>VAT_20</vat>
                <purchase-price value="12.2" />
            </pricing>
            <pricing-overrides>
                <pricing currency-id="RUR" warehouse-id="300">
                    <price value="13.3" />
                    <vat>VAT_20</vat>
                </pricing>
                <pricing currency-id="RUR" warehouse-id="302">
                    <price value="13.3" />
                    <vat>VAT_20</vat>
                </pricing>
            </pricing-overrides>
        </offer>
        <offer market-sku="222" shop-sku="000001.222" available-for-businesses="true">
            <pricing currency-id="RUR">
                <price value="22.2" />
                <oldprice auto="true" />
                <vat>VAT_20</vat>
                <purchase-price value="23.3" />
            </pricing>
            <pricing-overrides>
                <pricing currency-id="RUR" warehouse-id="300">
                    <price value="24" />
                    <vat>VAT_20</vat>
                </pricing>
                <pricing currency-id="RUR" warehouse-id="302">
                    <price value="24" />
                    <vat>VAT_20</vat>
                </pricing>
            </pricing-overrides>
        </offer>
        <offer market-sku="333" shop-sku="000001.333" available-for-businesses="true">
            <pricing currency-id="RUR">
                <price value="30.3" />
                <oldprice auto="true" />
                <vat>VAT_20</vat>
                <purchase-price value="33.3" />
            </pricing>
            <pricing-overrides>
                <pricing currency-id="RUR" warehouse-id="300">
                    <price value="34" />
                    <vat>VAT_20</vat>
                </pricing>
                <pricing currency-id="RUR" warehouse-id="302">
                    <price value="34" />
                    <vat>VAT_20</vat>
                </pricing>
            </pricing-overrides>
        </offer>
    </offers>
</offer-update>
