<?xml version="1.0" encoding="UTF-8"?>
<databaseChangeLog
    xmlns:xsi="http://www.w3.org/2001/XMLSchema-instance"
    xmlns="http://www.liquibase.org/xml/ns/dbchangelog"
    xsi:schemaLocation="http://www.liquibase.org/xml/ns/dbchangelog
         http://www.liquibase.org/xml/ns/dbchangelog/dbchangelog-3.1.xsd">
    <include file="sql/offsets.sql"/>
    <include file="sql/lb_active_readers.sql"/>
    <include file="mcrm/lock/sql/lock_service.sql"/>
    <include file="mcrm/handshake/sql/handshake_service.sql"/>
    <include file="sql/multihost_lock_tables.sql"/>
</databaseChangeLog>
