<xsl:stylesheet
        xmlns:xsl="http://www.w3.org/1999/XSL/Transform"
        version="1.1">
    <xsl:output method="xml" indent="no"/>
    <xsl:variable name="testParamSubject" select="/data/test-param-subject"/>
    <xsl:variable name="testParamBody" select="/data/test-param-body"/>

    <xsl:template match="/">
        <root>
            <subject>
                <xsl:text>Тестовый заголовок для заказа&#32;</xsl:text>
                <xsl:value-of select="$testParamSubject"/>
            </subject>
            <body>
                <xsl:text>Изменение параметра&#32;</xsl:text>
                <xsl:value-of select="$testParamBody"/>
            </body>
        </root>
    </xsl:template>
</xsl:stylesheet>