<?xml version="1.0" encoding="UTF-8"?>

<beans xmlns="http://www.springframework.org/schema/beans"
       xmlns:xsi="http://www.w3.org/2001/XMLSchema-instance"
       xsi:schemaLocation="http://www.springframework.org/schema/beans http://www.springframework.org/schema/beans/spring-beans.xsd"
       default-autowire="byName"
       default-lazy-init="true"
>

    <bean id="dataSource" class="org.apache.commons.dbcp2.BasicDataSource" destroy-method="close">
        <property name="driverClassName" value="${classifier.scat.jdbc.driverClassName}"/>
        <property name="url" value="${classifier.scat.jdbc.url}"/>
        <property name="username" value="${classifier.scat.username}"/>
        <property name="password" value="${classifier.scat.password}"/>
    </bean>

    <bean id="jdbcTemplate"
          class="org.springframework.jdbc.core.JdbcTemplate"
          lazy-init="false">
        <constructor-arg index="0" ref="dataSource"/>
    </bean>

    <bean id="propertyConfigurer"
          class="org.springframework.beans.factory.config.PropertyPlaceholderConfigurer"
          lazy-init="false">
        <property name="locations" value="config/test-servant.properties"/>
    </bean>

    <!--<bean id="transactionManager" class="org.springframework.jdbc.datasource.DataSourceTransactionManager">-->
    <!--<constructor-arg index="0" ref="dataSource"/>-->
    <!--</bean>-->

    <!--<bean id="transactionTemplate" class="org.springframework.transaction.support.TransactionTemplate">-->
    <!--<constructor-arg index="0" ref="transactionManager"/>-->
    <!--<property name="propagationBehaviorName" value="PROPAGATION_NESTED"/>-->
    <!--</bean>-->

</beans>
