<?xml version="1.0" encoding="utf-8"?>
<beans xmlns="http://www.springframework.org/schema/beans"
       xmlns:xsi="http://www.w3.org/2001/XMLSchema-instance"
       xmlns:context="http://www.springframework.org/schema/context"
       xsi:schemaLocation="http://www.springframework.org/schema/beans
       http://www.springframework.org/schema/beans/spring-beans.xsd
       http://www.springframework.org/schema/context
       http://www.springframework.org/schema/context/spring-context.xsd">

    <context:annotation-config/>

    <import resource="classpath:mbo-core/mbo-db-config.xml"/>
    <import resource="classpath:mbo-core/partnership.xml"/>

    <bean class="ru.yandex.market.mbo.configs.TestPropertiesConfiguration" />

    <bean id="tagService" class="ru.yandex.market.mbo.db.gurulight.TagService" />

    <bean class="ru.yandex.market.mbo.core.conf.databases.MboChytConfig"/>
</beans>
