<?xml version="1.0" encoding="UTF-8"?>
<beans xmlns="http://www.springframework.org/schema/beans"
       xmlns:xsi="http://www.w3.org/2001/XMLSchema-instance"
       xsi:schemaLocation="http://www.springframework.org/schema/beans http://www.springframework.org/schema/beans/spring-beans.xsd"
       default-autowire="byName">

    <bean id="propertyConfigurer"
          class="org.springframework.beans.factory.config.PropertyPlaceholderConfigurer"
          lazy-init="false">
        <property name="locations">
            <list>
                <value>classpath:mbo-core/test-common.properties</value>
                <value>classpath:mbo-core/test-db.properties</value>
                <value>classpath:mbo-core/custom-configs/yt/common-yt-test.properties</value>
                <value>classpath:local-application.properties</value>
            </list>
        </property>
        <property name="ignoreResourceNotFound" value="true"/>
    </bean>

 </beans>
