<?xml version="1.0" encoding="UTF-8"?>

<beans xmlns:xsi="http://www.w3.org/2001/XMLSchema-instance" xmlns="http://www.springframework.org/schema/beans"
       xsi:schemaLocation="http://www.springframework.org/schema/beans http://www.springframework.org/schema/beans/spring-beans.xsd">
    <bean id="mysqlDataSourceBuilder" class="ru.yandex.market.test.util.EmbeddedMysqlDatabaseBuilder"/>

    <bean id="mysqlDataSource" factory-bean="mysqlDataSourceBuilder" factory-method="build" destroy-method="shutdown"/>

    <alias name="mysqlDataSource" alias="dataSource"/>

    <bean id="jdbcTemplate" class="org.springframework.jdbc.core.JdbcTemplate" lazy-init="false">
        <constructor-arg index="0" ref="dataSource"/>
    </bean>

    <bean id="transactionManager" class="org.springframework.jdbc.datasource.DataSourceTransactionManager">
        <property name="dataSource" ref="dataSource"/>
    </bean>

    <bean id="transactionTemplate" class="org.springframework.transaction.support.TransactionTemplate">
        <property name="transactionManager" ref="transactionManager"/>
    </bean>
</beans>
