<databaseChangeLog
        xmlns="http://www.liquibase.org/xml/ns/dbchangelog"
        xmlns:xsi="http://www.w3.org/2001/XMLSchema-instance"
        xsi:schemaLocation="http://www.liquibase.org/xml/ns/dbchangelog
         http://www.liquibase.org/xml/ns/dbchangelog/dbchangelog-3.1.xsd">
    <include file="init/shop.sql" relativeToChangelogFile="true"/>
    <include file="init/offers.sql" relativeToChangelogFile="true"/>
    <include file="init/strategies.sql" relativeToChangelogFile="true"/>
    <include file="init/messages.sql" relativeToChangelogFile="true"/>
    <include file="init/stats.sql" relativeToChangelogFile="true"/>
</databaseChangeLog>