<?xml version="1.0" encoding="UTF-8"?>
<beans xmlns="http://www.springframework.org/schema/beans"
       xmlns:xsi="http://www.w3.org/2001/XMLSchema-instance"
       xmlns:context="http://www.springframework.org/schema/context"
       xsi:schemaLocation="
        http://www.springframework.org/schema/beans http://www.springframework.org/schema/beans/spring-beans.xsd
        http://www.springframework.org/schema/context http://www.springframework.org/schema/context/spring-context.xsd">

    <import resource="classpath:/ir-tms/client.xml"/>
    <import resource="classpath:/ir-tms/property-configure.xml"/>

    <context:property-placeholder ignore-resource-not-found="true" properties-ref="irTmsProperties"/>

    <!-- override property locations-->
    <bean id="irTmsProperties" class="org.springframework.beans.factory.config.PropertiesFactoryBean">
        <property name="locations">
            <array>
                <value>classpath:ir-tms/test_properties/tms-jdbc-test.properties</value>
                <value>classpath:ir-tms/test_properties/test-application.properties</value>
                <value>classpath:ir-tms/test_properties/others-jdbc.properties</value>
            </array>
        </property>

        <property name="ignoreResourceNotFound" value="true"/>
    </bean>

</beans>
