<?xml version="1.0" encoding="UTF-8"?>
<beans xmlns="http://www.springframework.org/schema/beans"
       xmlns:xsi="http://www.w3.org/2001/XMLSchema-instance"
       xsi:schemaLocation="http://www.springframework.org/schema/beans
           http://www.springframework.org/schema/beans/spring-beans.xsd"
       default-lazy-init="false" default-autowire="byName">

    <import resource="classpath:pers-notify-client/pers-notify-client.xml"/>

    <!-- Properties -->

    <bean id="propertyConfigurer"
          class="org.springframework.beans.factory.config.PropertyPlaceholderConfigurer"
          lazy-init="false">
        <property name="locations">
            <list>
                <value>test-client-application.properties</value>
                <value>local-application.properties</value>
            </list>
        </property>
        <property name="ignoreResourceNotFound" value="true"/>
    </bean>
</beans>
