<ApiRequest xmlns:xsi="http://www.w3.org/2001/XMLSchema-instance" xmlns:xs="http://www.w3.org/2001/XMLSchema">
    <ApiKey>key</ApiKey>
    <Data xsi:type="Subscriber">
        <ListId>3</ListId>
        <Email>foo@bar.com</Email>
        <Properties>
            <Property>
                <Id>4</Id>
                <Value xsi:type="xs:boolean">true</Value>
            </Property>
            <Property>
                <Id>13</Id>
                <Value xsi:type="xs:integer">2</Value>
            </Property>
            <Property>
                <Id>26</Id>
                <Value xsi:type="xs:string">someaction</Value>
            </Property>
            <Property>
                <Id>28</Id>
                <Value xsi:type="xs:dateTime">2014-04-25T12:42:00</Value>
            </Property>
        </Properties>
    </Data>
</ApiRequest>