<ApiRequest xmlns:xsi="http://www.w3.org/2001/XMLSchema-instance" xmlns:xs="http://www.w3.org/2001/XMLSchema">
    <ApiKey>key</ApiKey>
    <TableName>SENT_MAILS</TableName>
    <Data>
        <Columns>
            <Column>
                <Name>EMAIL</Name>
                <Value>foo@bar.com</Value>
            </Column>
            <Column>
                <Name>TEMPLATE_ID</Name>
                <Value>5</Value>
            </Column>
            <Column>
                <Name>SEND_TIME</Name>
                <Value>2016-12-02T19:11:15</Value>
            </Column>
            <Column>
                <Name>SNIPPETS</Name>
                <Value>subject:NewOrder
content:&lt;body&gt;Русские буквы, пробел
Перенос строки&lt;/body&gt;</Value>
            </Column>
        </Columns>
    </Data>
</ApiRequest>