<ApiRequest xmlns:xsi="http://www.w3.org/2001/XMLSchema-instance" xmlns:xs="http://www.w3.org/2001/XMLSchema">
    <ApiKey>key</ApiKey>
    <Data xsi:type="Subscriber">
        <ListId>3</ListId>
        <Email>foo@bar.com</Email>
        <Properties>
            <Property>
                <Id>30</Id>
                <Value xsi:nil="true"/>
            </Property>
        </Properties>
    </Data>
</ApiRequest>